ADAU145X Assembler, Analog Devices Inc.
Version: 2.4.0,0  (built 06/06/2025)

##### Compile Started: Tuesday, 19 August 2025 14:23:47 #####
ADAU145X Assembler, Analog Devices Inc.
Version: 2.4.0,0  (built 06/06/2025)

##### Compile Started: Tuesday, 19 August 2025 14:23:47 #####
##### Compile succeeded:  0 errors, 0 warnings #####

##### Summary #####
DM0 RAM used:       00025    (of 40960)
DM1 RAM used:       00020    (of 40960)
PM  RAM used(Data): 00000    (of 24576)
PM  RAM used(Inst): 00111    (of 24576) 100 instructions (32bit: 89  64bit: 11)
Total PM used:      00111    (of 24576)

--------------------------------------------------------------------------------------
STREAM                        Inst      Inst      DM0     DM1     PM
Instance                      (cycles)  (size)    
--------------------------------------------------------------------------------------
STACK                          -         -        16      0       0       
FRAMEWORK                     60        42        4       8       0
Input16to31_1                 8         8         0       4       0
SingleVolumeControl_1         7         7         1       2       0
Input0to15_0                  4         4         0       2       0
Output_5                      2         2         0       0       0
Output_4                      2         2         0       0       0
Output_3                      2         2         0       0       0
Output_2                      2         2         0       0       0
--------------------------------------------------------------------------------------
Total                         87        69        21      16      0
--------------------------------------------------------------------------------------
(% Fs=48.0kHz)                2%        1%        1%      1%      0%


======================================================================================
                                    Total Percentage 
======================================================================================
FRAMEWORK                   Inst(%)   Inst(%)    DM0(%)  DM1(%)  PM(%)
Instance                   (cycles)   (size)  
======================================================================================
STREAM                        2         1         1       1       0
======================================================================================
Total %                       2         1         1       1       0
======================================================================================

